  Double_Lib.cpp
C:\Users\User\Desktop\mydev\Double_Lib\Double_Lib\Double_Lib.cpp(31,11): warning C4244: '=': conversion from 'int' to 'float', possible loss of data
C:\Users\User\Desktop\mydev\Double_Lib\Double_Lib\Double_Lib.cpp(39,25): warning C4838: conversion from 'int' to 'float' requires a narrowing conversion
C:\Users\User\Desktop\mydev\Double_Lib\Double_Lib\Double_Lib.cpp(39,25): warning C4244: 'initializing': conversion from 'int' to 'float', possible loss of data
C:\Users\User\Desktop\mydev\Double_Lib\Double_Lib\Double_Lib.cpp(46,46): warning C4244: 'argument': conversion from 'float' to 'int', possible loss of data
C:\Users\User\Desktop\mydev\Double_Lib\Double_Lib\Double_Lib.cpp(59,31): warning C4244: 'initializing': conversion from 'int' to 'float', possible loss of data
C:\Users\User\Desktop\mydev\Double_Lib\Double_Lib\Double_Lib.cpp(59,22): warning C4244: 'initializing': conversion from 'int' to 'const float', possible loss of data
C:\Users\User\Desktop\mydev\Double_Lib\Double_Lib\Double_Lib.cpp(60,57): warning C4244: 'argument': conversion from 'float' to '_Tp', possible loss of data
          with
          [
              _Tp=int
          ]
C:\Users\User\Desktop\mydev\Double_Lib\Double_Lib\Double_Lib.cpp(60,78): warning C4244: 'argument': conversion from 'const float' to '_Tp', possible loss of data
          with
          [
              _Tp=int
          ]
C:\Users\User\Desktop\mydev\Double_Lib\Double_Lib\Double_Lib.cpp(81,31): warning C4244: 'initializing': conversion from 'int' to 'float', possible loss of data
C:\Users\User\Desktop\mydev\Double_Lib\Double_Lib\Double_Lib.cpp(81,22): warning C4244: 'initializing': conversion from 'int' to 'const float', possible loss of data
  Double_Lib.vcxproj -> C:\Users\User\Desktop\mydev\Double_Lib\x64\Debug\Double_Lib.exe
